iso
+- run sh
   +- install
      +- install doom.elf
         +- compile exe doom.elf Debug x86_64-freestanding-none 4 errors
src/user/lib/libc/stubs.zig:164:87: error: unused function parameter
pub export fn __assert_fail(expr: ?[*:0]const u8, file: ?[*:0]const u8, line: c_uint, func: ?[*:0]const u8) noreturn {
                                                                                      ^~~~
src/user/lib/libc/stubs.zig:164:73: error: unused function parameter
pub export fn __assert_fail(expr: ?[*:0]const u8, file: ?[*:0]const u8, line: c_uint, func: ?[*:0]const u8) noreturn {
                                                                        ^~~~
src/user/lib/libc/stubs.zig:164:51: error: unused function parameter
pub export fn __assert_fail(expr: ?[*:0]const u8, file: ?[*:0]const u8, line: c_uint, func: ?[*:0]const u8) noreturn {
                                                  ^~~~
src/user/lib/libc/stubs.zig:164:29: error: unused function parameter
pub export fn __assert_fail(expr: ?[*:0]const u8, file: ?[*:0]const u8, line: c_uint, func: ?[*:0]const u8) noreturn {
                            ^~~~
error: 4 compilation errors
failed command: /opt/homebrew/Caskroom/zig@nightly/0.16.0-dev.1484+d0ba6642b/zig-aarch64-macos-0.16.0-dev.1484+d0ba6642b/zig build-exe /Users/whit3rabbit/Documents/GitHub/zigk/src/arch/x86_64/memcpy.S -cflags -DDOOMGENERIC_RESX=640 -DDOOMGENERIC_RESY=400 -ffreestanding -nostdlib -fno-stack-protector -fno-builtin -mno-sse -mno-sse2 -mno-mmx -mno-red-zone -fno-sanitize=undefined -fno-sanitize=alignment -- /Users/whit3rabbit/Documents/GitHub/zigk/src/user/doom/doomgeneric/am_map.c /Users/whit3rabbit/Documents/GitHub/zigk/src/user/doom/doomgeneric/d_event.c /Users/whit3rabbit/Documents/GitHub/zigk/src/user/doom/doomgeneric/d_items.c /Users/whit3rabbit/Documents/GitHub/zigk/src/user/doom/doomgeneric/d_iwad.c /Users/whit3rabbit/Documents/GitHub/zigk/src/user/doom/doomgeneric/d_loop.c /Users/whit3rabbit/Documents/GitHub/zigk/src/user/doom/doomgeneric/d_main.c /Users/whit3rabbit/Documents/GitHub/zigk/src/user/doom/doomgeneric/d_mode.c /Users/whit3rabbit/Documents/GitHub/zigk/src/user/doom/doomgeneric/d_net.c /Users/whit3rabbit/Documents/GitHub/zigk/src/user/doom/doomgeneric/doomdef.c /Users/whit3rabbit/Documents/GitHub/zigk/src/user/doom/doomgeneric/doomgeneric.c /Users/whit3rabbit/Documents/GitHub/zigk/src/user/doom/doomgeneric/doomstat.c /Users/whit3rabbit/Documents/GitHub/zigk/src/user/doom/doomgeneric/dstrings.c /Users/whit3rabbit/Documents/GitHub/zigk/src/user/doom/doomgeneric/dummy.c /Users/whit3rabbit/Documents/GitHub/zigk/src/user/doom/doomgeneric/f_finale.c /Users/whit3rabbit/Documents/GitHub/zigk/src/user/doom/doomgeneric/f_wipe.c /Users/whit3rabbit/Documents/GitHub/zigk/src/user/doom/doomgeneric/g_game.c /Users/whit3rabbit/Documents/GitHub/zigk/src/user/doom/doomgeneric/gusconf.c /Users/whit3rabbit/Documents/GitHub/zigk/src/user/doom/doomgeneric/hu_lib.c /Users/whit3rabbit/Documents/GitHub/zigk/src/user/doom/doomgeneric/hu_stuff.c /Users/whit3rabbit/Documents/GitHub/zigk/src/user/doom/doomgeneric/i_cdmus.c /Users/whit3rabbit/Documents/GitHub/zigk/src/user/doom/doomgeneric/i_endoom.c /Users/whit3rabbit/Documents/GitHub/zigk/src/user/doom/doomgeneric/i_input.c /Users/whit3rabbit/Documents/GitHub/zigk/src/user/doom/doomgeneric/i_joystick.c /Users/whit3rabbit/Documents/GitHub/zigk/src/user/doom/doomgeneric/i_scale.c /Users/whit3rabbit/Documents/GitHub/zigk/src/user/doom/doomgeneric/i_system.c /Users/whit3rabbit/Documents/GitHub/zigk/src/user/doom/doomgeneric/i_timer.c /Users/whit3rabbit/Documents/GitHub/zigk/src/user/doom/doomgeneric/i_video.c /Users/whit3rabbit/Documents/GitHub/zigk/src/user/doom/doomgeneric/icon.c /Users/whit3rabbit/Documents/GitHub/zigk/src/user/doom/doomgeneric/info.c /Users/whit3rabbit/Documents/GitHub/zigk/src/user/doom/doomgeneric/m_argv.c /Users/whit3rabbit/Documents/GitHub/zigk/src/user/doom/doomgeneric/m_bbox.c /Users/whit3rabbit/Documents/GitHub/zigk/src/user/doom/doomgeneric/m_cheat.c /Users/whit3rabbit/Documents/GitHub/zigk/src/user/doom/doomgeneric/m_config.c /Users/whit3rabbit/Documents/GitHub/zigk/src/user/doom/doomgeneric/m_controls.c /Users/whit3rabbit/Documents/GitHub/zigk/src/user/doom/doomgeneric/m_fixed.c /Users/whit3rabbit/Documents/GitHub/zigk/src/user/doom/doomgeneric/m_menu.c /Users/whit3rabbit/Documents/GitHub/zigk/src/user/doom/doomgeneric/m_misc.c /Users/whit3rabbit/Documents/GitHub/zigk/src/user/doom/doomgeneric/m_random.c /Users/whit3rabbit/Documents/GitHub/zigk/src/user/doom/doomgeneric/memio.c /Users/whit3rabbit/Documents/GitHub/zigk/src/user/doom/doomgeneric/mus2mid.c /Users/whit3rabbit/Documents/GitHub/zigk/src/user/doom/doomgeneric/p_ceilng.c /Users/whit3rabbit/Documents/GitHub/zigk/src/user/doom/doomgeneric/p_doors.c /Users/whit3rabbit/Documents/GitHub/zigk/src/user/doom/doomgeneric/p_enemy.c /Users/whit3rabbit/Documents/GitHub/zigk/src/user/doom/doomgeneric/p_floor.c /Users/whit3rabbit/Documents/GitHub/zigk/src/user/doom/doomgeneric/p_inter.c /Users/whit3rabbit/Documents/GitHub/zigk/src/user/doom/doomgeneric/p_lights.c /Users/whit3rabbit/Documents/GitHub/zigk/src/user/doom/doomgeneric/p_map.c /Users/whit3rabbit/Documents/GitHub/zigk/src/user/doom/doomgeneric/p_maputl.c /Users/whit3rabbit/Documents/GitHub/zigk/src/user/doom/doomgeneric/p_mobj.c /Users/whit3rabbit/Documents/GitHub/zigk/src/user/doom/doomgeneric/p_plats.c /Users/whit3rabbit/Documents/GitHub/zigk/src/user/doom/doomgeneric/p_pspr.c /Users/whit3rabbit/Documents/GitHub/zigk/src/user/doom/doomgeneric/p_saveg.c /Users/whit3rabbit/Documents/GitHub/zigk/src/user/doom/doomgeneric/p_setup.c /Users/whit3rabbit/Documents/GitHub/zigk/src/user/doom/doomgeneric/p_sight.c /Users/whit3rabbit/Documents/GitHub/zigk/src/user/doom/doomgeneric/p_spec.c /Users/whit3rabbit/Documents/GitHub/zigk/src/user/doom/doomgeneric/p_switch.c /Users/whit3rabbit/Documents/GitHub/zigk/src/user/doom/doomgeneric/p_telept.c /Users/whit3rabbit/Documents/GitHub/zigk/src/user/doom/doomgeneric/p_tick.c /Users/whit3rabbit/Documents/GitHub/zigk/src/user/doom/doomgeneric/p_user.c /Users/whit3rabbit/Documents/GitHub/zigk/src/user/doom/doomgeneric/r_bsp.c /Users/whit3rabbit/Documents/GitHub/zigk/src/user/doom/doomgeneric/r_data.c /Users/whit3rabbit/Documents/GitHub/zigk/src/user/doom/doomgeneric/r_draw.c /Users/whit3rabbit/Documents/GitHub/zigk/src/user/doom/doomgeneric/r_main.c /Users/whit3rabbit/Documents/GitHub/zigk/src/user/doom/doomgeneric/r_plane.c /Users/whit3rabbit/Documents/GitHub/zigk/src/user/doom/doomgeneric/r_segs.c /Users/whit3rabbit/Documents/GitHub/zigk/src/user/doom/doomgeneric/r_sky.c /Users/whit3rabbit/Documents/GitHub/zigk/src/user/doom/doomgeneric/r_things.c /Users/whit3rabbit/Documents/GitHub/zigk/src/user/doom/doomgeneric/s_sound.c /Users/whit3rabbit/Documents/GitHub/zigk/src/user/doom/doomgeneric/sha1.c /Users/whit3rabbit/Documents/GitHub/zigk/src/user/doom/doomgeneric/sounds.c /Users/whit3rabbit/Documents/GitHub/zigk/src/user/doom/doomgeneric/st_lib.c /Users/whit3rabbit/Documents/GitHub/zigk/src/user/doom/doomgeneric/st_stuff.c /Users/whit3rabbit/Documents/GitHub/zigk/src/user/doom/doomgeneric/statdump.c /Users/whit3rabbit/Documents/GitHub/zigk/src/user/doom/doomgeneric/tables.c /Users/whit3rabbit/Documents/GitHub/zigk/src/user/doom/doomgeneric/v_video.c /Users/whit3rabbit/Documents/GitHub/zigk/src/user/doom/doomgeneric/w_checksum.c /Users/whit3rabbit/Documents/GitHub/zigk/src/user/doom/doomgeneric/w_file_stdc.c /Users/whit3rabbit/Documents/GitHub/zigk/src/user/doom/doomgeneric/w_file.c /Users/whit3rabbit/Documents/GitHub/zigk/src/user/doom/doomgeneric/w_main.c /Users/whit3rabbit/Documents/GitHub/zigk/src/user/doom/doomgeneric/w_wad.c /Users/whit3rabbit/Documents/GitHub/zigk/src/user/doom/doomgeneric/wi_stuff.c /Users/whit3rabbit/Documents/GitHub/zigk/src/user/doom/doomgeneric/z_zone.c -ODebug -mcmodel small -target x86_64-freestanding-none -mcpu baseline -I /Users/whit3rabbit/Documents/GitHub/zigk/src/user/doom/include -I /Users/whit3rabbit/Documents/GitHub/zigk/src/user/doom/doomgeneric --dep syscall --dep libc --dep doomgeneric_zscapek.zig --dep i_sound_stub.zig -Mroot=/Users/whit3rabbit/Documents/GitHub/zigk/src/user/doom/main.zig -ODebug -target x86_64-freestanding-none -mcpu baseline --dep uapi -Msyscall=/Users/whit3rabbit/Documents/GitHub/zigk/src/user/lib/syscall.zig -ODebug -target x86_64-freestanding-none -mcpu baseline --dep syscall.zig=syscall -Mlibc=/Users/whit3rabbit/Documents/GitHub/zigk/src/user/lib/libc/root.zig -ODebug -target x86_64-freestanding-none -mcpu baseline --dep syscall -Mdoomgeneric_zscapek.zig=/Users/whit3rabbit/Documents/GitHub/zigk/src/user/doom/doomgeneric_zscapek.zig -ODebug -target x86_64-freestanding-none -mcpu baseline -Mi_sound_stub.zig=/Users/whit3rabbit/Documents/GitHub/zigk/src/user/doom/i_sound_stub.zig -ODebug -target x86_64-freestanding-none -mcpu baseline -Muapi=/Users/whit3rabbit/Documents/GitHub/zigk/src/uapi/root.zig --cache-dir .zig-cache --global-cache-dir /Users/whit3rabbit/.cache/zig --name doom.elf --script /Users/whit3rabbit/Documents/GitHub/zigk/src/user/linker.ld --zig-lib-dir /opt/homebrew/Caskroom/zig@nightly/0.16.0-dev.1484+d0ba6642b/zig-aarch64-macos-0.16.0-dev.1484+d0ba6642b/lib/ --listen=-

iso
+- run sh
   +- install
      +- run cp
         +- install test_libc_fixes.elf
            +- compile exe test_libc_fixes.elf Debug x86_64-freestanding-none 1 errors
tests/userland/test_libc_runner.zig:2:5: error: expected function or variable declaration after pub
pub usingnamespace libc;
    ^~~~~~~~~~~~~~
error: 1 compilation errors
failed command: /opt/homebrew/Caskroom/zig@nightly/0.16.0-dev.1484+d0ba6642b/zig-aarch64-macos-0.16.0-dev.1484+d0ba6642b/zig build-exe -cflags -ffreestanding -nostdlib -mno-red-zone -fno-stack-protector -fno-builtin -- /Users/whit3rabbit/Documents/GitHub/zigk/tests/userland/test_libc_fixes.c -cflags -- /Users/whit3rabbit/Documents/GitHub/zigk/src/arch/x86_64/memcpy.S /Users/whit3rabbit/Documents/GitHub/zigk/src/user/crt0.S -ODebug -target x86_64-freestanding-none -mcpu baseline -I /Users/whit3rabbit/Documents/GitHub/zigk/src/user/doom/include --dep libc -Mroot=/Users/whit3rabbit/Documents/GitHub/zigk/tests/userland/test_libc_runner.zig -ODebug -target x86_64-freestanding-none -mcpu baseline --dep syscall.zig -Mlibc=/Users/whit3rabbit/Documents/GitHub/zigk/src/user/lib/libc/root.zig -ODebug -target x86_64-freestanding-none -mcpu baseline --dep uapi -Msyscall.zig=/Users/whit3rabbit/Documents/GitHub/zigk/src/user/lib/syscall.zig -ODebug -target x86_64-freestanding-none -mcpu baseline -Muapi=/Users/whit3rabbit/Documents/GitHub/zigk/src/uapi/root.zig --cache-dir .zig-cache --global-cache-dir /Users/whit3rabbit/.cache/zig --name test_libc_fixes.elf --script /Users/whit3rabbit/Documents/GitHub/zigk/src/user/linker.ld --zig-lib-dir /opt/homebrew/Caskroom/zig@nightly/0.16.0-dev.1484+d0ba6642b/zig-aarch64-macos-0.16.0-dev.1484+d0ba6642b/lib/ --listen=-

iso
+- run sh
   +- install
      +- install test_libc_fix
         +- compile exe test_libc_fix Debug x86_64-freestanding-none 4 errors
src/user/lib/libc/stubs.zig:164:87: error: unused function parameter
pub export fn __assert_fail(expr: ?[*:0]const u8, file: ?[*:0]const u8, line: c_uint, func: ?[*:0]const u8) noreturn {
                                                                                      ^~~~
src/user/lib/libc/stubs.zig:164:73: error: unused function parameter
pub export fn __assert_fail(expr: ?[*:0]const u8, file: ?[*:0]const u8, line: c_uint, func: ?[*:0]const u8) noreturn {
                                                                        ^~~~
src/user/lib/libc/stubs.zig:164:51: error: unused function parameter
pub export fn __assert_fail(expr: ?[*:0]const u8, file: ?[*:0]const u8, line: c_uint, func: ?[*:0]const u8) noreturn {
                                                  ^~~~
src/user/lib/libc/stubs.zig:164:29: error: unused function parameter
pub export fn __assert_fail(expr: ?[*:0]const u8, file: ?[*:0]const u8, line: c_uint, func: ?[*:0]const u8) noreturn {
                            ^~~~
error: 4 compilation errors
failed command: /opt/homebrew/Caskroom/zig@nightly/0.16.0-dev.1484+d0ba6642b/zig-aarch64-macos-0.16.0-dev.1484+d0ba6642b/zig build-exe -cflags -nostdlib -ffreestanding -I src/user/doom/include -- /Users/whit3rabbit/Documents/GitHub/zigk/tests/userland/test_libc_fix.c -cflags -- /Users/whit3rabbit/Documents/GitHub/zigk/src/arch/x86_64/memcpy.S /Users/whit3rabbit/Documents/GitHub/zigk/src/user/crt0.S -ODebug -target x86_64-freestanding-none -mcpu baseline --dep libc --dep syscall=syscall.zig -Mroot=/Users/whit3rabbit/Documents/GitHub/zigk/src/user/test_libc_fix_wrapper.zig -ODebug -target x86_64-freestanding-none -mcpu baseline --dep syscall.zig -Mlibc=/Users/whit3rabbit/Documents/GitHub/zigk/src/user/lib/libc/root.zig -ODebug -target x86_64-freestanding-none -mcpu baseline --dep uapi -Msyscall.zig=/Users/whit3rabbit/Documents/GitHub/zigk/src/user/lib/syscall.zig -ODebug -target x86_64-freestanding-none -mcpu baseline -Muapi=/Users/whit3rabbit/Documents/GitHub/zigk/src/uapi/root.zig --cache-dir .zig-cache --global-cache-dir /Users/whit3rabbit/.cache/zig --name test_libc_fix --script /Users/whit3rabbit/Documents/GitHub/zigk/src/user/linker.ld --zig-lib-dir /opt/homebrew/Caskroom/zig@nightly/0.16.0-dev.1484+d0ba6642b/zig-aarch64-macos-0.16.0-dev.1484+d0ba6642b/lib/ --listen=-

Build Summary: 34/44 steps succeeded (3 failed)
iso transitive failure
+- run sh transitive failure
   +- install transitive failure
      +- install doom.elf transitive failure
      |  +- compile exe doom.elf Debug x86_64-freestanding-none 4 errors
      +- install test_libc_fixes.elf transitive failure
      |  +- compile exe test_libc_fixes.elf Debug x86_64-freestanding-none 1 errors
      +- run cp transitive failure
      |  +- install test_libc_fixes.elf (+1 more reused dependencies)
      +- install test_libc_fix transitive failure
         +- compile exe test_libc_fix Debug x86_64-freestanding-none 4 errors

error: the following build command failed with exit code 1:
.zig-cache/o/3f9e8046be21b903927668d7b78a2f70/build /opt/homebrew/Caskroom/zig@nightly/0.16.0-dev.1484+d0ba6642b/zig-aarch64-macos-0.16.0-dev.1484+d0ba6642b/zig /opt/homebrew/Caskroom/zig@nightly/0.16.0-dev.1484+d0ba6642b/zig-aarch64-macos-0.16.0-dev.1484+d0ba6642b/lib /Users/whit3rabbit/Documents/GitHub/zigk .zig-cache /Users/whit3rabbit/.cache/zig --seed 0xf88c98e9 -Z8fc386c277b8cd66 iso
